
> dashboard@0.1.0 dev
> next dev

▲ Next.js 16.1.6 (Turbopack)
- Local:         http://localhost:3000
- Network:       http://192.168.101.71:3000

✓ Starting...
✓ Ready in 1016ms
 GET /command 200 in 809ms (compile: 372ms, render: 437ms)
 GET /bharat 200 in 801ms (compile: 288ms, render: 513ms)
 GET / 200 in 831ms (compile: 403ms, render: 427ms)
 GET / 200 in 69ms (compile: 11ms, render: 58ms)
 GET /detection 200 in 62ms (compile: 52ms, render: 9ms)
 GET /honeypot 200 in 69ms (compile: 59ms, render: 10ms)
 GET / 200 in 37ms (compile: 11ms, render: 26ms)
 GET /command 200 in 87ms (compile: 27ms, render: 60ms)
 GET / 200 in 30ms (compile: 11ms, render: 19ms)
 GET / 200 in 66ms (compile: 6ms, render: 60ms)
 GET / 200 in 29ms (compile: 1804µs, render: 27ms)
 GET / 200 in 29ms (compile: 1202µs, render: 28ms)
 GET / 200 in 20ms (compile: 1254µs, render: 19ms)
 GET / 200 in 21ms (compile: 1259µs, render: 20ms)
 GET /detection 200 in 29ms (compile: 14ms, render: 15ms)
 GET / 200 in 24ms (compile: 7ms, render: 17ms)
 GET /honeypot 200 in 24ms (compile: 8ms, render: 16ms)
 GET /graph 200 in 59ms (compile: 49ms, render: 10ms)
 GET /alerts 200 in 49ms (compile: 38ms, render: 12ms)
 GET /deepfake 200 in 43ms (compile: 32ms, render: 11ms)
 GET /mule 200 in 45ms (compile: 35ms, render: 10ms)
 GET /inoculation 200 in 57ms (compile: 46ms, render: 11ms)
 GET /upi 200 in 45ms (compile: 30ms, render: 14ms)
 GET / 200 in 7ms (compile: 1425µs, render: 6ms)
 GET /bharat 200 in 51ms (compile: 17ms, render: 34ms)
 GET /shield 200 in 82ms (compile: 71ms, render: 10ms)
✓ Compiled in 775ms
 GET / 200 in 103ms (compile: 84ms, render: 18ms)
 GET / 200 in 115ms (compile: 14ms, render: 102ms)
 GET / 200 in 57ms (compile: 10ms, render: 47ms)
 GET / 200 in 34ms (compile: 1811µs, render: 32ms)
 GET / 200 in 26ms (compile: 1727µs, render: 24ms)
 GET / 200 in 25ms (compile: 1649µs, render: 24ms)
 GET / 200 in 22ms (compile: 3ms, render: 19ms)
 GET / 200 in 23ms (compile: 1595µs, render: 22ms)
 GET / 200 in 24ms (compile: 1956µs, render: 22ms)
 GET / 200 in 23ms (compile: 1486µs, render: 22ms)
 GET / 200 in 21ms (compile: 1482µs, render: 20ms)
 GET / 200 in 19ms (compile: 1090µs, render: 18ms)
 GET / 200 in 27ms (compile: 1280µs, render: 26ms)
 GET / 200 in 24ms (compile: 1516µs, render: 23ms)
 GET / 200 in 20ms (compile: 1177µs, render: 19ms)
 GET / 200 in 25ms (compile: 1226µs, render: 23ms)
 GET / 200 in 27ms (compile: 1506µs, render: 25ms)
 GET / 200 in 22ms (compile: 3ms, render: 19ms)
 GET / 200 in 23ms (compile: 1558µs, render: 21ms)
 GET / 200 in 34ms (compile: 2ms, render: 32ms)
 GET / 200 in 22ms (compile: 1711µs, render: 21ms)
 GET / 200 in 23ms (compile: 2ms, render: 20ms)
 GET / 200 in 22ms (compile: 1229µs, render: 21ms)
 GET / 200 in 22ms (compile: 1665µs, render: 21ms)
 GET / 200 in 24ms (compile: 1181µs, render: 23ms)
 GET / 200 in 23ms (compile: 1792µs, render: 21ms)
 GET / 200 in 20ms (compile: 1125µs, render: 19ms)
 GET / 200 in 26ms (compile: 2ms, render: 23ms)
 GET / 200 in 24ms (compile: 1301µs, render: 23ms)
 GET / 200 in 22ms (compile: 1401µs, render: 21ms)
 GET / 200 in 22ms (compile: 1771µs, render: 20ms)
 GET /shield 200 in 87ms (compile: 72ms, render: 15ms)
 GET /command 200 in 125ms (compile: 104ms, render: 21ms)
 GET / 200 in 32ms (compile: 6ms, render: 26ms)
✓ Compiled in 219ms
 GET /shield 200 in 151ms (compile: 115ms, render: 36ms)
✓ Compiled in 87ms
 GET /launch 200 in 208ms (compile: 195ms, render: 13ms)
 GET /agency 200 in 105ms (compile: 97ms, render: 8ms)
 GET / 200 in 33ms (compile: 11ms, render: 23ms)
✓ Compiled in 93ms
 GET /detection 200 in 115ms (compile: 93ms, render: 22ms)
 GET /honeypot 200 in 83ms (compile: 69ms, render: 15ms)
 GET /detection 200 in 26ms (compile: 10ms, render: 17ms)
 GET / 200 in 24ms (compile: 8ms, render: 16ms)
✓ Compiled in 175ms
✓ Compiled in 169ms
 GET /bharat 200 in 229ms (compile: 152ms, render: 77ms)
 GET / 200 in 228ms (compile: 32ms, render: 196ms)
 GET / 200 in 225ms (compile: 177ms, render: 48ms)
 GET / 200 in 25ms (compile: 3ms, render: 21ms)
 GET /shield 200 in 98ms (compile: 75ms, render: 24ms)
 GET /shield 200 in 102ms (compile: 10ms, render: 92ms)
 GET /shield 200 in 31ms (compile: 4ms, render: 28ms)
✓ Compiled in 54ms
 GET / 200 in 17ms (compile: 5ms, render: 11ms)
Debugger listening on ws://127.0.0.1:9229/c7695944-9e96-4b1c-aabf-032ed690111f
For help, see: https://nodejs.org/en/docs/inspector
 GET / 200 in 298ms (compile: 97ms, render: 202ms)
 GET / 200 in 42ms (compile: 3ms, render: 39ms)
 GET / 200 in 58ms (compile: 1831µs, render: 56ms)
 GET / 200 in 36ms (compile: 1810µs, render: 35ms)
 GET / 200 in 33ms (compile: 1388µs, render: 32ms)
 GET / 200 in 32ms (compile: 1402µs, render: 30ms)
 GET / 200 in 37ms (compile: 3ms, render: 34ms)
 GET / 200 in 37ms (compile: 4ms, render: 33ms)
 GET / 200 in 32ms (compile: 1177µs, render: 30ms)
 GET / 200 in 65ms (compile: 6ms, render: 59ms)
 GET / 200 in 111ms (compile: 3ms, render: 108ms)
 GET / 200 in 162ms (compile: 145ms, render: 17ms)
 GET / 200 in 30ms (compile: 1269µs, render: 29ms)
 GET / 200 in 153ms (compile: 5ms, render: 148ms)
 GET / 200 in 64ms (compile: 6ms, render: 58ms)
 GET / 200 in 45ms (compile: 2ms, render: 43ms)
 GET / 200 in 33ms (compile: 4ms, render: 29ms)
 GET / 200 in 25ms (compile: 1317µs, render: 24ms)
 GET / 200 in 31ms (compile: 1741µs, render: 29ms)
 GET / 200 in 101ms (compile: 1082µs, render: 100ms)
 GET / 200 in 42ms (compile: 1406µs, render: 41ms)
✓ Compiled in 465ms
⚠ Fast Refresh had to perform a full reload when ./src/context/LanguageContext.tsx changed. Read more: https://nextjs.org/docs/messages/fast-refresh-reload
⚠ Fast Refresh had to perform a full reload when ./src/context/LanguageContext.tsx changed. Read more: https://nextjs.org/docs/messages/fast-refresh-reload
⚠ Fast Refresh had to perform a full reload when ./src/context/LanguageContext.tsx changed. Read more: https://nextjs.org/docs/messages/fast-refresh-reload
⚠ Fast Refresh had to perform a full reload when ./src/context/LanguageContext.tsx changed. Read more: https://nextjs.org/docs/messages/fast-refresh-reload
⚠ Fast Refresh had to perform a full reload when ./src/context/LanguageContext.tsx changed. Read more: https://nextjs.org/docs/messages/fast-refresh-reload
⚠ Fast Refresh had to perform a full reload when ./src/context/LanguageContext.tsx changed. Read more: https://nextjs.org/docs/messages/fast-refresh-reload
 GET / 200 in 548ms (compile: 370ms, render: 179ms)
⚠ Fast Refresh had to perform a full reload when ./src/context/LanguageContext.tsx changed. Read more: https://nextjs.org/docs/messages/fast-refresh-reload
⚠ Fast Refresh had to perform a full reload when ./src/context/LanguageContext.tsx changed. Read more: https://nextjs.org/docs/messages/fast-refresh-reload
✓ Compiled in 5ms
 GET / 200 in 354ms (compile: 3ms, render: 351ms)
 GET /bharat 200 in 357ms (compile: 86ms, render: 272ms)
 GET / 200 in 223ms (compile: 6ms, render: 217ms)
 GET / 200 in 215ms (compile: 6ms, render: 209ms)
 GET /detection 200 in 197ms (compile: 156ms, render: 42ms)
 GET /honeypot 200 in 74ms (compile: 59ms, render: 14ms)
 GET /graph 200 in 74ms (compile: 63ms, render: 12ms)
 GET / 200 in 12ms (compile: 3ms, render: 9ms)
✓ Compiled in 306ms
✓ Compiled in 153ms
 GET / 200 in 188ms (compile: 84ms, render: 104ms)
 GET /detection 200 in 85ms (compile: 69ms, render: 16ms)
 GET /honeypot 200 in 16ms (compile: 4ms, render: 12ms)
 GET /graph 200 in 41ms (compile: 10ms, render: 32ms)
 GET /deepfake 200 in 71ms (compile: 59ms, render: 12ms)
 GET /mule 200 in 95ms (compile: 71ms, render: 25ms)
 GET /score 200 in 286ms (compile: 279ms, render: 8ms)
 GET /profiling 200 in 117ms (compile: 110ms, render: 7ms)
 GET /upi 200 in 68ms (compile: 55ms, render: 13ms)
 GET /inoculation 200 in 87ms (compile: 71ms, render: 16ms)
 GET /agency 200 in 83ms (compile: 64ms, render: 20ms)
 GET /launch 200 in 119ms (compile: 102ms, render: 16ms)
 GET /launch 200 in 9ms (compile: 1532µs, render: 8ms)
 GET /shield 200 in 130ms (compile: 119ms, render: 11ms)
 GET /bharat 200 in 8ms (compile: 1702µs, render: 6ms)
 GET / 200 in 8ms (compile: 3ms, render: 6ms)
✓ Compiled in 170ms
✓ Compiled in 67ms
 GET / 200 in 63ms (compile: 8ms, render: 55ms)
 GET / 200 in 38ms (compile: 2ms, render: 36ms)
 GET / 200 in 28ms (compile: 1936µs, render: 26ms)
 GET / 200 in 40ms (compile: 1258µs, render: 39ms)
 GET / 200 in 25ms (compile: 1234µs, render: 24ms)
 GET /detection 200 in 12ms (compile: 3ms, render: 9ms)
 GET /honeypot 200 in 75ms (compile: 59ms, render: 16ms)
 GET /graph 200 in 66ms (compile: 55ms, render: 11ms)
 GET /deepfake 200 in 27ms (compile: 7ms, render: 19ms)
 GET /mule 200 in 11ms (compile: 4ms, render: 8ms)
 GET /inoculation 200 in 11ms (compile: 4ms, render: 7ms)
 GET /inoculation 200 in 7ms (compile: 1451µs, render: 5ms)
 GET /upi 200 in 21ms (compile: 6ms, render: 15ms)
 GET /score 200 in 11ms (compile: 4ms, render: 8ms)
 GET /profiling 200 in 16ms (compile: 4ms, render: 12ms)
 GET /profiling 200 in 112ms (compile: 9ms, render: 103ms)
 GET / 200 in 16ms (compile: 5ms, render: 11ms)
 GET /profiling 200 in 11ms (compile: 3ms, render: 8ms)
 GET /score 200 in 22ms (compile: 5ms, render: 17ms)
 GET /profiling 200 in 8ms (compile: 1523µs, render: 7ms)
 GET /profiling 200 in 45ms (compile: 6ms, render: 39ms)
 GET /profiling 200 in 55ms (compile: 1490µs, render: 54ms)
 GET /profiling 200 in 67ms (compile: 2ms, render: 65ms)
 GET /profiling 200 in 67ms (compile: 1552µs, render: 65ms)
 GET /profiling 200 in 45ms (compile: 3ms, render: 42ms)
 GET /profiling 200 in 28ms (compile: 4ms, render: 24ms)
 GET /profiling 200 in 29ms (compile: 1294µs, render: 28ms)
 GET /profiling 200 in 40ms (compile: 3ms, render: 36ms)
 GET / 200 in 10ms (compile: 2ms, render: 7ms)
 GET / 200 in 22ms (compile: 1342µs, render: 21ms)
✓ Compiled in 237ms
 GET / 200 in 78ms (compile: 13ms, render: 65ms)
 GET / 200 in 54ms (compile: 1502µs, render: 52ms)
 GET / 200 in 45ms (compile: 3ms, render: 42ms)
 GET / 200 in 37ms (compile: 1384µs, render: 36ms)
 GET / 200 in 24ms (compile: 1711µs, render: 22ms)
 GET / 200 in 19ms (compile: 1553µs, render: 18ms)
 GET / 200 in 24ms (compile: 1733µs, render: 22ms)
 GET / 200 in 23ms (compile: 1552µs, render: 21ms)
 GET / 200 in 20ms (compile: 1073µs, render: 19ms)
 GET / 200 in 20ms (compile: 1070µs, render: 19ms)
 GET / 200 in 24ms (compile: 1248µs, render: 23ms)
 GET / 200 in 22ms (compile: 1775µs, render: 20ms)
 GET / 200 in 54ms (compile: 7ms, render: 47ms)
 GET / 200 in 29ms (compile: 1622µs, render: 28ms)
 GET / 200 in 45ms (compile: 5ms, render: 40ms)
 GET / 200 in 24ms (compile: 1770µs, render: 22ms)
 GET / 200 in 25ms (compile: 2ms, render: 23ms)
 GET / 200 in 53ms (compile: 2ms, render: 51ms)
 GET / 200 in 47ms (compile: 6ms, render: 41ms)
 GET / 200 in 24ms (compile: 1504µs, render: 22ms)
 GET / 200 in 22ms (compile: 1592µs, render: 20ms)
✓ Compiled in 238ms
✓ Compiled in 20ms
✓ Compiled in 19ms
⨯ ./src/app/page.tsx:1:20
Ecmascript file had an error
[0m[31m[1m>[22m[39m[90m 1 |[39m [36mimport[39m { useState[33m,[39m useEffect } [36mfrom[39m [32m"react"[39m[33m;[39m
 [90m   |[39m                    [31m[1m^[22m[39m[31m[1m^[22m[39m[31m[1m^[22m[39m[31m[1m^[22m[39m[31m[1m^[22m[39m[31m[1m^[22m[39m[31m[1m^[22m[39m[31m[1m^[22m[39m[31m[1m^[22m[39m
 [90m 2 |[39m [36mimport[39m {
 [90m 3 |[39m   [33mShieldCheck[39m[33m,[39m
 [90m 4 |[39m   [33mUsers[39m[33m,[39m[0m

You're importing a component that needs `useEffect`. This React Hook only works in a Client Component. To fix, mark the file (or its parent) with the `"use client"` directive.

 Learn more: https://nextjs.org/docs/app/api-reference/directives/use-client





./src/app/page.tsx:1:10
Ecmascript file had an error
[0m[31m[1m>[22m[39m[90m 1 |[39m [36mimport[39m { useState[33m,[39m useEffect } [36mfrom[39m [32m"react"[39m[33m;[39m
 [90m   |[39m          [31m[1m^[22m[39m[31m[1m^[22m[39m[31m[1m^[22m[39m[31m[1m^[22m[39m[31m[1m^[22m[39m[31m[1m^[22m[39m[31m[1m^[22m[39m[31m[1m^[22m[39m
 [90m 2 |[39m [36mimport[39m {
 [90m 3 |[39m   [33mShieldCheck[39m[33m,[39m
 [90m 4 |[39m   [33mUsers[39m[33m,[39m[0m

You're importing a component that needs `useState`. This React Hook only works in a Client Component. To fix, mark the file (or its parent) with the `"use client"` directive.

 Learn more: https://nextjs.org/docs/app/api-reference/directives/use-client




 GET / 500 in 334ms (compile: 256ms, render: 79ms)
⨯ ./src/app/page.tsx:1:20
Ecmascript file had an error
[0m[31m[1m>[22m[39m[90m 1 |[39m [36mimport[39m { useState[33m,[39m useEffect } [36mfrom[39m [32m"react"[39m[33m;[39m
 [90m   |[39m                    [31m[1m^[22m[39m[31m[1m^[22m[39m[31m[1m^[22m[39m[31m[1m^[22m[39m[31m[1m^[22m[39m[31m[1m^[22m[39m[31m[1m^[22m[39m[31m[1m^[22m[39m[31m[1m^[22m[39m
 [90m 2 |[39m [36mimport[39m {
 [90m 3 |[39m   [33mShieldCheck[39m[33m,[39m
 [90m 4 |[39m   [33mUsers[39m[33m,[39m[0m

You're importing a component that needs `useEffect`. This React Hook only works in a Client Component. To fix, mark the file (or its parent) with the `"use client"` directive.

 Learn more: https://nextjs.org/docs/app/api-reference/directives/use-client





./src/app/page.tsx:1:10
Ecmascript file had an error
[0m[31m[1m>[22m[39m[90m 1 |[39m [36mimport[39m { useState[33m,[39m useEffect } [36mfrom[39m [32m"react"[39m[33m;[39m
 [90m   |[39m          [31m[1m^[22m[39m[31m[1m^[22m[39m[31m[1m^[22m[39m[31m[1m^[22m[39m[31m[1m^[22m[39m[31m[1m^[22m[39m[31m[1m^[22m[39m[31m[1m^[22m[39m
 [90m 2 |[39m [36mimport[39m {
 [90m 3 |[39m   [33mShieldCheck[39m[33m,[39m
 [90m 4 |[39m   [33mUsers[39m[33m,[39m[0m

You're importing a component that needs `useState`. This React Hook only works in a Client Component. To fix, mark the file (or its parent) with the `"use client"` directive.

 Learn more: https://nextjs.org/docs/app/api-reference/directives/use-client




 GET / 500 in 15ms (compile: 8ms, render: 7ms)
⨯ ./src/app/page.tsx:1:20
Ecmascript file had an error
[0m[31m[1m>[22m[39m[90m 1 |[39m [36mimport[39m { useState[33m,[39m useEffect } [36mfrom[39m [32m"react"[39m[33m;[39m
 [90m   |[39m                    [31m[1m^[22m[39m[31m[1m^[22m[39m[31m[1m^[22m[39m[31m[1m^[22m[39m[31m[1m^[22m[39m[31m[1m^[22m[39m[31m[1m^[22m[39m[31m[1m^[22m[39m[31m[1m^[22m[39m
 [90m 2 |[39m [36mimport[39m {
 [90m 3 |[39m   [33mShieldCheck[39m[33m,[39m
 [90m 4 |[39m   [33mUsers[39m[33m,[39m[0m

You're importing a component that needs `useEffect`. This React Hook only works in a Client Component. To fix, mark the file (or its parent) with the `"use client"` directive.

 Learn more: https://nextjs.org/docs/app/api-reference/directives/use-client





./src/app/page.tsx:1:10
Ecmascript file had an error
[0m[31m[1m>[22m[39m[90m 1 |[39m [36mimport[39m { useState[33m,[39m useEffect } [36mfrom[39m [32m"react"[39m[33m;[39m
 [90m   |[39m          [31m[1m^[22m[39m[31m[1m^[22m[39m[31m[1m^[22m[39m[31m[1m^[22m[39m[31m[1m^[22m[39m[31m[1m^[22m[39m[31m[1m^[22m[39m[31m[1m^[22m[39m
 [90m 2 |[39m [36mimport[39m {
 [90m 3 |[39m   [33mShieldCheck[39m[33m,[39m
 [90m 4 |[39m   [33mUsers[39m[33m,[39m[0m

You're importing a component that needs `useState`. This React Hook only works in a Client Component. To fix, mark the file (or its parent) with the `"use client"` directive.

 Learn more: https://nextjs.org/docs/app/api-reference/directives/use-client




 GET / 500 in 23ms (compile: 13ms, render: 10ms)
⨯ ./src/app/page.tsx:1:20
Ecmascript file had an error
[0m[31m[1m>[22m[39m[90m 1 |[39m [36mimport[39m { useState[33m,[39m useEffect } [36mfrom[39m [32m"react"[39m[33m;[39m
 [90m   |[39m                    [31m[1m^[22m[39m[31m[1m^[22m[39m[31m[1m^[22m[39m[31m[1m^[22m[39m[31m[1m^[22m[39m[31m[1m^[22m[39m[31m[1m^[22m[39m[31m[1m^[22m[39m[31m[1m^[22m[39m
 [90m 2 |[39m [36mimport[39m {
 [90m 3 |[39m   [33mShieldCheck[39m[33m,[39m
 [90m 4 |[39m   [33mUsers[39m[33m,[39m[0m

You're importing a component that needs `useEffect`. This React Hook only works in a Client Component. To fix, mark the file (or its parent) with the `"use client"` directive.

 Learn more: https://nextjs.org/docs/app/api-reference/directives/use-client





./src/app/page.tsx:1:10
Ecmascript file had an error
[0m[31m[1m>[22m[39m[90m 1 |[39m [36mimport[39m { useState[33m,[39m useEffect } [36mfrom[39m [32m"react"[39m[33m;[39m
 [90m   |[39m          [31m[1m^[22m[39m[31m[1m^[22m[39m[31m[1m^[22m[39m[31m[1m^[22m[39m[31m[1m^[22m[39m[31m[1m^[22m[39m[31m[1m^[22m[39m[31m[1m^[22m[39m
 [90m 2 |[39m [36mimport[39m {
 [90m 3 |[39m   [33mShieldCheck[39m[33m,[39m
 [90m 4 |[39m   [33mUsers[39m[33m,[39m[0m

You're importing a component that needs `useState`. This React Hook only works in a Client Component. To fix, mark the file (or its parent) with the `"use client"` directive.

 Learn more: https://nextjs.org/docs/app/api-reference/directives/use-client




 GET / 500 in 13ms (compile: 9ms, render: 4ms)
⨯ ./src/app/page.tsx:1:20
Ecmascript file had an error
[0m[31m[1m>[22m[39m[90m 1 |[39m [36mimport[39m { useState[33m,[39m useEffect } [36mfrom[39m [32m"react"[39m[33m;[39m
 [90m   |[39m                    [31m[1m^[22m[39m[31m[1m^[22m[39m[31m[1m^[22m[39m[31m[1m^[22m[39m[31m[1m^[22m[39m[31m[1m^[22m[39m[31m[1m^[22m[39m[31m[1m^[22m[39m[31m[1m^[22m[39m
 [90m 2 |[39m [36mimport[39m {
 [90m 3 |[39m   [33mShieldCheck[39m[33m,[39m
 [90m 4 |[39m   [33mUsers[39m[33m,[39m[0m

You're importing a component that needs `useEffect`. This React Hook only works in a Client Component. To fix, mark the file (or its parent) with the `"use client"` directive.

 Learn more: https://nextjs.org/docs/app/api-reference/directives/use-client





./src/app/page.tsx:1:10
Ecmascript file had an error
[0m[31m[1m>[22m[39m[90m 1 |[39m [36mimport[39m { useState[33m,[39m useEffect } [36mfrom[39m [32m"react"[39m[33m;[39m
 [90m   |[39m          [31m[1m^[22m[39m[31m[1m^[22m[39m[31m[1m^[22m[39m[31m[1m^[22m[39m[31m[1m^[22m[39m[31m[1m^[22m[39m[31m[1m^[22m[39m[31m[1m^[22m[39m
 [90m 2 |[39m [36mimport[39m {
 [90m 3 |[39m   [33mShieldCheck[39m[33m,[39m
 [90m 4 |[39m   [33mUsers[39m[33m,[39m[0m

You're importing a component that needs `useState`. This React Hook only works in a Client Component. To fix, mark the file (or its parent) with the `"use client"` directive.

 Learn more: https://nextjs.org/docs/app/api-reference/directives/use-client




 GET / 500 in 18ms (compile: 10ms, render: 7ms)
⨯ ./src/app/page.tsx:1:20
Ecmascript file had an error
[0m[31m[1m>[22m[39m[90m 1 |[39m [36mimport[39m { useState[33m,[39m useEffect } [36mfrom[39m [32m"react"[39m[33m;[39m
 [90m   |[39m                    [31m[1m^[22m[39m[31m[1m^[22m[39m[31m[1m^[22m[39m[31m[1m^[22m[39m[31m[1m^[22m[39m[31m[1m^[22m[39m[31m[1m^[22m[39m[31m[1m^[22m[39m[31m[1m^[22m[39m
 [90m 2 |[39m [36mimport[39m {
 [90m 3 |[39m   [33mShieldCheck[39m[33m,[39m
 [90m 4 |[39m   [33mUsers[39m[33m,[39m[0m

You're importing a component that needs `useEffect`. This React Hook only works in a Client Component. To fix, mark the file (or its parent) with the `"use client"` directive.

 Learn more: https://nextjs.org/docs/app/api-reference/directives/use-client





./src/app/page.tsx:1:10
Ecmascript file had an error
[0m[31m[1m>[22m[39m[90m 1 |[39m [36mimport[39m { useState[33m,[39m useEffect } [36mfrom[39m [32m"react"[39m[33m;[39m
 [90m   |[39m          [31m[1m^[22m[39m[31m[1m^[22m[39m[31m[1m^[22m[39m[31m[1m^[22m[39m[31m[1m^[22m[39m[31m[1m^[22m[39m[31m[1m^[22m[39m[31m[1m^[22m[39m
 [90m 2 |[39m [36mimport[39m {
 [90m 3 |[39m   [33mShieldCheck[39m[33m,[39m
 [90m 4 |[39m   [33mUsers[39m[33m,[39m[0m

You're importing a component that needs `useState`. This React Hook only works in a Client Component. To fix, mark the file (or its parent) with the `"use client"` directive.

 Learn more: https://nextjs.org/docs/app/api-reference/directives/use-client




 GET / 500 in 19ms (compile: 12ms, render: 7ms)
✓ Compiled in 148ms
⨯ ./src/app/page.tsx:1:20
Ecmascript file had an error
[0m[31m[1m>[22m[39m[90m 1 |[39m [36mimport[39m { useState[33m,[39m useEffect } [36mfrom[39m [32m"react"[39m[33m;[39m
 [90m   |[39m                    [31m[1m^[22m[39m[31m[1m^[22m[39m[31m[1m^[22m[39m[31m[1m^[22m[39m[31m[1m^[22m[39m[31m[1m^[22m[39m[31m[1m^[22m[39m[31m[1m^[22m[39m[31m[1m^[22m[39m
 [90m 2 |[39m [36mimport[39m {
 [90m 3 |[39m   [33mShieldCheck[39m[33m,[39m
 [90m 4 |[39m   [33mUsers[39m[33m,[39m[0m

You're importing a component that needs `useEffect`. This React Hook only works in a Client Component. To fix, mark the file (or its parent) with the `"use client"` directive.

 Learn more: https://nextjs.org/docs/app/api-reference/directives/use-client





./src/app/page.tsx:1:10
Ecmascript file had an error
[0m[31m[1m>[22m[39m[90m 1 |[39m [36mimport[39m { useState[33m,[39m useEffect } [36mfrom[39m [32m"react"[39m[33m;[39m
 [90m   |[39m          [31m[1m^[22m[39m[31m[1m^[22m[39m[31m[1m^[22m[39m[31m[1m^[22m[39m[31m[1m^[22m[39m[31m[1m^[22m[39m[31m[1m^[22m[39m[31m[1m^[22m[39m
 [90m 2 |[39m [36mimport[39m {
 [90m 3 |[39m   [33mShieldCheck[39m[33m,[39m
 [90m 4 |[39m   [33mUsers[39m[33m,[39m[0m

You're importing a component that needs `useState`. This React Hook only works in a Client Component. To fix, mark the file (or its parent) with the `"use client"` directive.

 Learn more: https://nextjs.org/docs/app/api-reference/directives/use-client




 GET / 500 in 42ms (compile: 27ms, render: 15ms)
⨯ ./src/app/page.tsx:1:20
Ecmascript file had an error
[0m[31m[1m>[22m[39m[90m 1 |[39m [36mimport[39m { useState[33m,[39m useEffect } [36mfrom[39m [32m"react"[39m[33m;[39m
 [90m   |[39m                    [31m[1m^[22m[39m[31m[1m^[22m[39m[31m[1m^[22m[39m[31m[1m^[22m[39m[31m[1m^[22m[39m[31m[1m^[22m[39m[31m[1m^[22m[39m[31m[1m^[22m[39m[31m[1m^[22m[39m
 [90m 2 |[39m [36mimport[39m {
 [90m 3 |[39m   [33mShieldCheck[39m[33m,[39m
 [90m 4 |[39m   [33mUsers[39m[33m,[39m[0m

You're importing a component that needs `useEffect`. This React Hook only works in a Client Component. To fix, mark the file (or its parent) with the `"use client"` directive.

 Learn more: https://nextjs.org/docs/app/api-reference/directives/use-client





./src/app/page.tsx:1:10
Ecmascript file had an error
[0m[31m[1m>[22m[39m[90m 1 |[39m [36mimport[39m { useState[33m,[39m useEffect } [36mfrom[39m [32m"react"[39m[33m;[39m
 [90m   |[39m          [31m[1m^[22m[39m[31m[1m^[22m[39m[31m[1m^[22m[39m[31m[1m^[22m[39m[31m[1m^[22m[39m[31m[1m^[22m[39m[31m[1m^[22m[39m[31m[1m^[22m[39m
 [90m 2 |[39m [36mimport[39m {
 [90m 3 |[39m   [33mShieldCheck[39m[33m,[39m
 [90m 4 |[39m   [33mUsers[39m[33m,[39m[0m

You're importing a component that needs `useState`. This React Hook only works in a Client Component. To fix, mark the file (or its parent) with the `"use client"` directive.

 Learn more: https://nextjs.org/docs/app/api-reference/directives/use-client




 GET / 500 in 13ms (compile: 8ms, render: 6ms)
⨯ ./src/app/page.tsx:1:20
Ecmascript file had an error
[0m[31m[1m>[22m[39m[90m 1 |[39m [36mimport[39m { useState[33m,[39m useEffect } [36mfrom[39m [32m"react"[39m[33m;[39m
 [90m   |[39m                    [31m[1m^[22m[39m[31m[1m^[22m[39m[31m[1m^[22m[39m[31m[1m^[22m[39m[31m[1m^[22m[39m[31m[1m^[22m[39m[31m[1m^[22m[39m[31m[1m^[22m[39m[31m[1m^[22m[39m
 [90m 2 |[39m [36mimport[39m {
 [90m 3 |[39m   [33mShieldCheck[39m[33m,[39m
 [90m 4 |[39m   [33mUsers[39m[33m,[39m[0m

You're importing a component that needs `useEffect`. This React Hook only works in a Client Component. To fix, mark the file (or its parent) with the `"use client"` directive.

 Learn more: https://nextjs.org/docs/app/api-reference/directives/use-client





./src/app/page.tsx:1:10
Ecmascript file had an error
[0m[31m[1m>[22m[39m[90m 1 |[39m [36mimport[39m { useState[33m,[39m useEffect } [36mfrom[39m [32m"react"[39m[33m;[39m
 [90m   |[39m          [31m[1m^[22m[39m[31m[1m^[22m[39m[31m[1m^[22m[39m[31m[1m^[22m[39m[31m[1m^[22m[39m[31m[1m^[22m[39m[31m[1m^[22m[39m[31m[1m^[22m[39m
 [90m 2 |[39m [36mimport[39m {
 [90m 3 |[39m   [33mShieldCheck[39m[33m,[39m
 [90m 4 |[39m   [33mUsers[39m[33m,[39m[0m

You're importing a component that needs `useState`. This React Hook only works in a Client Component. To fix, mark the file (or its parent) with the `"use client"` directive.

 Learn more: https://nextjs.org/docs/app/api-reference/directives/use-client




 GET / 500 in 16ms (compile: 9ms, render: 6ms)
[?25h
